#
# There is insufficient memory for the Java Runtime Environment to continue.
# Native memory allocation (mmap) failed to map 266338304 bytes for Failed to commit area from 0x0000000703600000 to 0x0000000713400000 of length 266338304.
# Possible reasons:
#   The system is out of physical RAM or swap space
#   The process is running with CompressedOops enabled, and the Java Heap may be blocking the growth of the native heap
# Possible solutions:
#   Reduce memory load on the system
#   Increase physical memory or swap space
#   Check if swap backing store is full
#   Decrease Java heap size (-Xmx/-Xms)
#   Decrease number of Java threads
#   Decrease Java thread stack sizes (-Xss)
#   Set larger code cache with -XX:ReservedCodeCacheSize=
# This output file may be truncated or incomplete.
#
#  Out of Memory Error (./src/hotspot/os/windows/os_windows.cpp:3301), pid=692576, tid=677940
#
# JRE version:  (11.0.10+9) (build )
# Java VM: Dynamic Code Evolution 64-Bit Server VM (11.0.10+9-b1341.41, mixed mode, sharing, tiered, compressed oops, g1 gc, windows-amd64)
# No core dump will be written. Minidumps are not enabled by default on client versions of Windows
#

---------------  S U M M A R Y ------------

Command Line: org.jetbrains.git4idea.http.GitAskPassApp Username for 'http://www.jzgit.com': 

Host: Intel(R) Core(TM) i5-10500 CPU @ 3.10GHz, 12 cores, 15G,  Windows 10 , 64 bit Build 19041 (10.0.19041.928)
Time: Tue Apr 19 10:26:12 2022 中国标准时间 elapsed time: 0.011796 seconds (0d 0h 0m 0s)

---------------  T H R E A D  ---------------

Current thread (0x00000220526d2800):  JavaThread "Unknown thread" [_thread_in_vm, id=677940, stack(0x000000c239600000,0x000000c239700000)]

Stack: [0x000000c239600000,0x000000c239700000]
Native frames: (J=compiled Java code, j=interpreted, Vv=VM code, C=native code)
V  [jvm.dll+0x5f84fa]
V  [jvm.dll+0x77e085]
V  [jvm.dll+0x77f5dd]
V  [jvm.dll+0x77fc93]
V  [jvm.dll+0x2457e8]
V  [jvm.dll+0x5f58f4]
V  [jvm.dll+0x5ea975]
V  [jvm.dll+0x30228b]
V  [jvm.dll+0x3021fa]
V  [jvm.dll+0x3020d2]
V  [jvm.dll+0x306fb6]
V  [jvm.dll+0x34f843]
V  [jvm.dll+0x34ff46]
V  [jvm.dll+0x34f943]
V  [jvm.dll+0x2dbcb8]
V  [jvm.dll+0x2dce57]
V  [jvm.dll+0x75c4d7]
V  [jvm.dll+0x75dd6c]
V  [jvm.dll+0x35cdb9]
V  [jvm.dll+0x73fc9e]
V  [jvm.dll+0x3c5663]
V  [jvm.dll+0x3c7a21]
C  [jli.dll+0x5373]
C  [ucrtbase.dll+0x21bb2]
C  [KERNEL32.DLL+0x17034]
C  [ntdll.dll+0x52651]


---------------  P R O C E S S  ---------------

Threads class SMR info:
_java_thread_list=0x000002204fefe890, length=0, elements={
}

Java Threads: ( => current thread )

Other Threads:
  0x00000220526ec000 GCTaskThread "GC Thread#0" [stack: 0x000000c239700000,0x000000c239800000] [id=676636]
  0x0000022052754000 ConcurrentGCThread "G1 Main Marker" [stack: 0x000000c239b00000,0x000000c239c00000] [id=692248]
  0x0000022052756000 ConcurrentGCThread "G1 Conc#0" [stack: 0x000000c239c00000,0x000000c239d00000] [id=690972]

[error occurred during error reporting (printing all threads), id 0xc0000005, EXCEPTION_ACCESS_VIOLATION (0xc0000005) at pc=0x00007ffb432cc437]

VM state:not at safepoint (not fully initialized)

VM Mutex/Monitor currently owned by a thread:  ([mutex/lock_event])
[0x000002204ffba500] Heap_lock - owner thread: 0x00000220526d2800

Heap address: 0x0000000703600000, size: 4042 MB, Compressed Oops mode: Non-zero based: 0x0000000703600000
Narrow klass base: 0x0000000000000000, Narrow klass shift: 0

GC Heap History (0 events):
No events

Deoptimization events (0 events):
No events

Classes redefined (0 events):
No events

Internal exceptions (0 events):
No events

Events (1 events):
Event: 0.006 Loaded shared library D:\DevSoftware\idea\IntelliJ IDEA 2021.1.1\jbr\bin\zip.dll


Dynamic libraries:
0x00007ff755e40000 - 0x00007ff755e4a000 	D:\DevSoftware\idea\IntelliJ IDEA 2021.1.1\jbr\bin\java.exe
0x00007ffb7dd50000 - 0x00007ffb7df45000 	C:\Windows\SYSTEM32\ntdll.dll
0x00007ffb7d980000 - 0x00007ffb7da3d000 	C:\Windows\System32\KERNEL32.DLL
0x00007ffb7b5f0000 - 0x00007ffb7b8b8000 	C:\Windows\System32\KERNELBASE.dll
0x00007ffb7bb30000 - 0x00007ffb7bc30000 	C:\Windows\System32\ucrtbase.dll
0x00007ffb76c00000 - 0x00007ffb76c19000 	D:\DevSoftware\idea\IntelliJ IDEA 2021.1.1\jbr\bin\jli.dll
0x00007ffb7cb80000 - 0x00007ffb7cd20000 	C:\Windows\System32\USER32.dll
0x00007ffb7ba30000 - 0x00007ffb7ba52000 	C:\Windows\System32\win32u.dll
0x00007ffb7db80000 - 0x00007ffb7dbaa000 	C:\Windows\System32\GDI32.dll
0x00007ffb7b8c0000 - 0x00007ffb7b9cb000 	C:\Windows\System32\gdi32full.dll
0x00007ffb7ba60000 - 0x00007ffb7bafd000 	C:\Windows\System32\msvcp_win.dll
0x00007ffb75db0000 - 0x00007ffb75dc7000 	D:\DevSoftware\idea\IntelliJ IDEA 2021.1.1\jbr\bin\VCRUNTIME140.dll
0x00007ffb690a0000 - 0x00007ffb6933a000 	C:\Windows\WinSxS\amd64_microsoft.windows.common-controls_6595b64144ccf1df_6.0.19041.844_none_ca00b6081b84eb1d\COMCTL32.dll
0x00007ffb7cd30000 - 0x00007ffb7cdce000 	C:\Windows\System32\msvcrt.dll
0x00007ffb7c3a0000 - 0x00007ffb7c3d0000 	C:\Windows\System32\IMM32.DLL
0x00007ffb4eef0000 - 0x00007ffb4f36f000 	C:\Windows\SysWOW64\5097\DseFileSystemExt64.dll
0x00007ffb7c220000 - 0x00007ffb7c2cc000 	C:\Windows\System32\ADVAPI32.dll
0x00007ffb7dc10000 - 0x00007ffb7dcab000 	C:\Windows\System32\sechost.dll
0x00007ffb7da40000 - 0x00007ffb7db6b000 	C:\Windows\System32\RPCRT4.dll
0x00007ffb7d280000 - 0x00007ffb7d2eb000 	C:\Windows\System32\WS2_32.dll
0x00007ffb7b490000 - 0x00007ffb7b5ef000 	C:\Windows\System32\CRYPT32.dll
0x00007ffb56bc0000 - 0x00007ffb56c4e000 	C:\Windows\SYSTEM32\WINSPOOL.DRV
0x00007ffb7a190000 - 0x00007ffb7a1c3000 	C:\Windows\SYSTEM32\ntmarta.dll
0x00007ffb51e60000 - 0x00007ffb51efd000 	D:\DevSoftware\idea\IntelliJ IDEA 2021.1.1\jbr\bin\msvcp140.dll
0x00007ffb42fe0000 - 0x00007ffb43b2f000 	D:\DevSoftware\idea\IntelliJ IDEA 2021.1.1\jbr\bin\server\jvm.dll
0x00007ffb7cd20000 - 0x00007ffb7cd28000 	C:\Windows\System32\PSAPI.DLL
0x00007ffb69450000 - 0x00007ffb69459000 	C:\Windows\SYSTEM32\WSOCK32.dll
0x00007ffb704a0000 - 0x00007ffb704c7000 	C:\Windows\SYSTEM32\WINMM.dll
0x00007ffb74fe0000 - 0x00007ffb74fea000 	C:\Windows\SYSTEM32\VERSION.dll
0x00007ffb79d70000 - 0x00007ffb79d82000 	C:\Windows\SYSTEM32\kernel.appcore.dll
0x00007ffb76d30000 - 0x00007ffb76d41000 	D:\DevSoftware\idea\IntelliJ IDEA 2021.1.1\jbr\bin\verify.dll
0x00007ffb792b0000 - 0x00007ffb79494000 	C:\Windows\SYSTEM32\DBGHELP.DLL
0x00007ffb667e0000 - 0x00007ffb6680c000 	C:\Windows\SYSTEM32\dbgcore.DLL
0x0000022051e10000 - 0x0000022051e90000 	C:\Windows\System32\bcryptPrimitives.dll
0x00007ffb75fc0000 - 0x00007ffb75fe9000 	D:\DevSoftware\idea\IntelliJ IDEA 2021.1.1\jbr\bin\java.dll
0x00007ffb76cd0000 - 0x00007ffb76cdb000 	D:\DevSoftware\idea\IntelliJ IDEA 2021.1.1\jbr\bin\jimage.dll
0x00007ffb72720000 - 0x00007ffb72738000 	D:\DevSoftware\idea\IntelliJ IDEA 2021.1.1\jbr\bin\zip.dll

dbghelp: loaded successfully - version: 4.0.5 - missing functions: none
symbol engine: initialized successfully - sym options: 0x614 - pdb path: .;D:\DevSoftware\idea\IntelliJ IDEA 2021.1.1\jbr\bin;C:\Windows\SYSTEM32;C:\Windows\WinSxS\amd64_microsoft.windows.common-controls_6595b64144ccf1df_6.0.19041.844_none_ca00b6081b84eb1d;C:\Windows\SysWOW64\5097;D:\DevSoftware\idea\IntelliJ IDEA 2021.1.1\jbr\bin\server

VM Arguments:
java_command: org.jetbrains.git4idea.http.GitAskPassApp Username for 'http://www.jzgit.com': 
java_class_path (initial): D:/DevSoftware/idea/IntelliJ IDEA 2021.1.1/plugins/git4idea/lib/git4idea-rt.jar;D:/DevSoftware/idea/IntelliJ IDEA 2021.1.1/lib/xmlrpc-2.0.1.jar;D:/DevSoftware/idea/IntelliJ IDEA 2021.1.1/lib/commons-codec-1.15.jar
Launcher Type: SUN_STANDARD

[Global flags]
     intx CICompilerCount                          = 4                                         {product} {ergonomic}
     uint ConcGCThreads                            = 3                                         {product} {ergonomic}
     uint G1ConcRefinementThreads                  = 10                                        {product} {ergonomic}
   size_t G1HeapRegionSize                         = 1048576                                   {product} {ergonomic}
    uintx GCDrainStackTargetSize                   = 64                                        {product} {ergonomic}
   size_t InitialHeapSize                          = 266338304                                 {product} {ergonomic}
   size_t MarkStackSize                            = 4194304                                   {product} {ergonomic}
   size_t MaxHeapSize                              = 4238344192                                {product} {ergonomic}
   size_t MinHeapDeltaBytes                        = 1048576                                   {product} {ergonomic}
    uintx NonNMethodCodeHeapSize                   = 5836300                                {pd product} {ergonomic}
    uintx NonProfiledCodeHeapSize                  = 122910970                              {pd product} {ergonomic}
    uintx ProfiledCodeHeapSize                     = 122910970                              {pd product} {ergonomic}
    uintx ReservedCodeCacheSize                    = 251658240                              {pd product} {ergonomic}
     bool SegmentedCodeCache                       = true                                      {product} {ergonomic}
     bool UseCompressedClassPointers               = true                                 {lp64_product} {ergonomic}
     bool UseCompressedOops                        = true                                 {lp64_product} {ergonomic}
     bool UseG1GC                                  = true                                      {product} {ergonomic}
     bool UseLargePagesIndividualAllocation        = false                                  {pd product} {ergonomic}

Logging:
Log output configuration:
 #0: stdout all=warning uptime,level,tags
 #1: stderr all=off uptime,level,tags

Environment Variables:
JAVA_HOME=D:\DevSoftware\jdk8
PATH=D:\DevSoftware\git\Git\mingw64\libexec\git-core;D:\DevSoftware\git\Git\mingw64\libexec\git-core;D:\DevSoftware\git\Git\mingw64\bin;D:\DevSoftware\git\Git\usr\bin;C:\Users\Administrator\bin;D:\DevSoftware\vmware\bin;C:\Windows\system32;C:\Windows;C:\Windows\System32\Wbem;C:\Windows\System32\WindowsPowerShell\v1.0;C:\Windows\System32\OpenSSH;C:\Windows\SysWOW64\5097;C:\Windows\SysWOW64\5097;C:\Windows\SysWOW64;D:\DevSoftware\jdk8\bin;D:\DevSoftware\jdk8\bin;C:\Program Files\Git\cmd;D:\DevSoftware\apache-maven-3.8.1\bin;C:\Program Files\Docker\Docker\resources\bin;C:\ProgramData\DockerDesktop\version-bin;C:\Users\Administrator\AppData\Local\Microsoft\WindowsApps;D:\DevSoftware\fiddler
USERNAME=Administrator
DISPLAY=:0.0
LC_ALL=en_US.UTF-8
OS=Windows_NT
PROCESSOR_IDENTIFIER=Intel64 Family 6 Model 165 Stepping 3, GenuineIntel



---------------  S Y S T E M  ---------------

OS: Windows 10 , 64 bit Build 19041 (10.0.19041.928)
OS uptime: 39 days 20:11 hours
Hyper-V role detected

CPU:total 12 (initial active 12) (6 cores per cpu, 2 threads per core) family 6 model 165 stepping 3 microcode 0xe0, cmov, cx8, fxsr, mmx, sse, sse2, sse3, ssse3, sse4.1, sse4.2, popcnt, avx, avx2, aes, clmul, erms, 3dnowpref, lzcnt, ht, tsc, tscinvbit, bmi1, bmi2, adx, fma

Memory: 4k page, system-wide physical 16165M (4761M free)
TotalPageFile size 46636M (AvailPageFile size 171M)
current process WorkingSet (physical memory assigned to process): 14M, peak: 14M
current process commit charge ("private bytes"): 67M, peak: 321M

vm_info: Dynamic Code Evolution 64-Bit Server VM (11.0.10+9-b1341.41) for windows-amd64 JRE (11.0.10+9-b1341.41), built on Apr 17 2021 07:18:15 by "" with MS VC++ 14.0 (VS2015)

END.
